{
  "stats": {
    "suites": 1,
    "tests": 5,
    "passes": 4,
    "pending": 0,
    "failures": 1,
    "start": "2021-11-21T10:34:37.225Z",
    "end": "2021-11-21T10:34:51.286Z",
    "duration": 14061,
    "testsRegistered": 5,
    "passPercent": 80,
    "pendingPercent": 0,
    "other": 0,
    "hasOther": false,
    "skipped": 0,
    "hasSkipped": false
  },
  "results": [
    {
      "uuid": "d7062a1e-7441-481d-92a2-fd2591ccefc7",
      "title": "",
      "fullFile": "cypress/integration/4-workshop-day2/logout.spec.js",
      "file": "cypress/integration/4-workshop-day2/logout.spec.js",
      "beforeHooks": [],
      "afterHooks": [],
      "tests": [],
      "suites": [
        {
          "uuid": "6ee033ba-01db-48ed-8cd4-180d5bbbd06f",
          "title": "Login test cases",
          "fullFile": "",
          "file": "",
          "beforeHooks": [],
          "afterHooks": [],
          "tests": [
            {
              "title": "Login with standard user",
              "fullTitle": "Login test cases Login with standard user",
              "timedOut": null,
              "duration": 1886,
              "state": "passed",
              "speed": "fast",
              "pass": true,
              "fail": false,
              "pending": false,
              "context": null,
              "code": "cy.visit(\"https://www.saucedemo.com/\");\ncy.get(\"[data-test=username]\").type(\"standard_user\");\ncy.get(\"#password\").type(\"secret_sauce\");\ncy.get(\".submit-button\").click();\ncy.get(\".header_secondary_container\").should(\"be.visible\");\ncy.getCookie(\"session-username\").then(cookie => {\n  // console.log(cookie)\n  expect(cookie.value).to.eq(\"standard_user\");\n});",
              "err": {},
              "uuid": "e278022e-b8c9-4d1d-a7c9-d6130cf8232f",
              "parentUUID": "6ee033ba-01db-48ed-8cd4-180d5bbbd06f",
              "isHook": false,
              "skipped": false
            },
            {
              "title": "Login with standard user on mobile viewport",
              "fullTitle": "Login test cases Login with standard user on mobile viewport",
              "timedOut": null,
              "duration": 1644,
              "state": "passed",
              "speed": "fast",
              "pass": true,
              "fail": false,
              "pending": false,
              "context": null,
              "code": "cy.viewport(\"iphone-6\");\ncy.visit(\"https://www.saucedemo.com/\");\ncy.get(\"[data-test=username]\").type(\"standard_user\");\ncy.get(\"#password\").type(\"secret_sauce\");\ncy.get(\".submit-button\").click();\ncy.get(\".header_secondary_container\").should(\"be.visible\");\ncy.get(\"[data-test*=add-to-cart]\").last().scrollIntoView();",
              "err": {},
              "uuid": "078fc5d8-71ae-4012-9eb9-46c600e3b6f0",
              "parentUUID": "6ee033ba-01db-48ed-8cd4-180d5bbbd06f",
              "isHook": false,
              "skipped": false
            },
            {
              "title": "Starting test case allready logged in",
              "fullTitle": "Login test cases Starting test case allready logged in",
              "timedOut": null,
              "duration": 1283,
              "state": "passed",
              "speed": "fast",
              "pass": true,
              "fail": false,
              "pending": false,
              "context": null,
              "code": "cy.setLoginCookies(\"standard_user\");\ncy.visit(\"inventory.html\", {\n  failOnStatusCode: false\n});\ncy.get(\".header_secondary_container\").should(\"be.visible\");",
              "err": {},
              "uuid": "eed28256-dd11-4792-a0ac-6e7e2b12a98f",
              "parentUUID": "6ee033ba-01db-48ed-8cd4-180d5bbbd06f",
              "isHook": false,
              "skipped": false
            },
            {
              "title": "Login and logout",
              "fullTitle": "Login test cases Login and logout",
              "timedOut": null,
              "duration": 2819,
              "state": "passed",
              "speed": "fast",
              "pass": true,
              "fail": false,
              "pending": false,
              "context": null,
              "code": "_LandingPage.LandingPage.login(\"normal_user\");\n_NavigationBar.NavigationBar.logout();\n_LandingPage.LandingPage.verifyLoginFieldsEmpty();\n_LandingPage.LandingPage.verifyEmptyLoginCookies();",
              "err": {},
              "uuid": "c5503da4-3dde-4ad9-b7a4-64f5f19dca9d",
              "parentUUID": "6ee033ba-01db-48ed-8cd4-180d5bbbd06f",
              "isHook": false,
              "skipped": false
            },
            {
              "title": "Login with locked out user",
              "fullTitle": "Login test cases Login with locked out user",
              "timedOut": null,
              "duration": 5830,
              "state": "failed",
              "speed": null,
              "pass": false,
              "fail": true,
              "pending": false,
              "context": "\"assets/screenshots/4-workshop-day2/logout.spec.js/Login test cases -- Login with locked out user (failed).png\"",
              "code": "_LandingPage.LandingPage.login(\"locked_user\");\n_NavigationBar.NavigationBar.logout();",
              "err": {
                "message": "AssertionError: Timed out retrying after 4000ms: Expected to find element: `#react-burger-menu-btn`, but never found it.",
                "estack": "AssertionError: Timed out retrying after 4000ms: Expected to find element: `#react-burger-menu-btn`, but never found it.\n    at Function.click (https://www.saucedemo.com/__cypress/tests?p=cypress/integration/4-workshop-day2/logout.spec.js:166:8)\n    at Function.logout (https://www.saucedemo.com/__cypress/tests?p=cypress/integration/4-workshop-day2/logout.spec.js:222:10)\n    at Context.eval (https://www.saucedemo.com/__cypress/tests?p=cypress/integration/4-workshop-day2/logout.spec.js:143:34)",
                "diff": null
              },
              "uuid": "c34ac5dd-3273-4a66-aef9-07103d2eef54",
              "parentUUID": "6ee033ba-01db-48ed-8cd4-180d5bbbd06f",
              "isHook": false,
              "skipped": false
            }
          ],
          "suites": [],
          "passes": [
            "e278022e-b8c9-4d1d-a7c9-d6130cf8232f",
            "078fc5d8-71ae-4012-9eb9-46c600e3b6f0",
            "eed28256-dd11-4792-a0ac-6e7e2b12a98f",
            "c5503da4-3dde-4ad9-b7a4-64f5f19dca9d"
          ],
          "failures": [
            "c34ac5dd-3273-4a66-aef9-07103d2eef54"
          ],
          "pending": [],
          "skipped": [],
          "duration": 13462,
          "root": false,
          "rootEmpty": false,
          "_timeout": 2000
        }
      ],
      "passes": [],
      "failures": [],
      "pending": [],
      "skipped": [],
      "duration": 0,
      "root": true,
      "rootEmpty": true,
      "_timeout": 2000
    }
  ],
  "meta": {
    "mocha": {
      "version": "7.0.1"
    },
    "mochawesome": {
      "options": {
        "quiet": false,
        "reportFilename": "mochawesome",
        "saveHtml": false,
        "saveJson": true,
        "consoleReporter": "spec",
        "useInlineDiffs": false,
        "code": true
      },
      "version": "7.0.1"
    },
    "marge": {
      "options": {
        "reportDir": "cypress/results",
        "html": false,
        "json": true,
        "overwrite": true,
        "timestamp": "mmddyyyy-HHMMss"
      },
      "version": "6.0.1"
    }
  }
}