{
  "stats": {
    "suites": 1,
    "tests": 2,
    "passes": 0,
    "pending": 0,
    "failures": 2,
    "start": "2021-11-21T10:34:05.608Z",
    "end": "2021-11-21T10:34:20.518Z",
    "duration": 14910,
    "testsRegistered": 2,
    "passPercent": 0,
    "pendingPercent": 0,
    "other": 0,
    "hasOther": false,
    "skipped": 0,
    "hasSkipped": false
  },
  "results": [
    {
      "uuid": "61861206-376f-4767-957c-f5fba0d02997",
      "title": "",
      "fullFile": "cypress/integration/4-workshop-day2/checkout.spec.js",
      "file": "cypress/integration/4-workshop-day2/checkout.spec.js",
      "beforeHooks": [],
      "afterHooks": [],
      "tests": [],
      "suites": [
        {
          "uuid": "a122e263-7aef-4d80-b276-98786afe6c24",
          "title": "Checkout test cases",
          "fullFile": "",
          "file": "",
          "beforeHooks": [],
          "afterHooks": [],
          "tests": [
            {
              "title": "Add first item to cart",
              "fullTitle": "Checkout test cases Add first item to cart",
              "timedOut": null,
              "duration": 9926,
              "state": "failed",
              "speed": null,
              "pass": false,
              "fail": true,
              "pending": false,
              "context": "\"assets/screenshots/4-workshop-day2/checkout.spec.js/Checkout test cases -- Add first item to cart (failed).png\"",
              "code": "_LandingPage.LandingPage.login(\"normal_user\");\n_ProductsPage.ProductsPage.addFirstItemToCart();\n_ProductsPage.ProductsPage.verifyRemoveButton();\n_NavigationBar.NavigationBar.goToCart();\n_CheckoutPage.CheckoutPage.verifyAddedItem();",
              "err": {
                "message": "CypressError: Timed out retrying after 4050ms: `cy.click()` failed because this element is not visible:\n\n`<a id=\"logout_sidebar_link\" class=\"bm-item menu-item\" href=\"#\" tabindex=\"-1\" style=\"display: block;\">Logout</a>`\n\nThis element `<a#logout_sidebar_link.bm-item.menu-item>` is not visible because its parent `<div.bm-menu-wrap>` has CSS property: `display: none`\n\nFix this problem, or use `{force: true}` to disable error checking.\n\nhttps://on.cypress.io/element-cannot-be-interacted-with",
                "estack": "CypressError: Timed out retrying after 4050ms: `cy.click()` failed because this element is not visible:\n\n`<a id=\"logout_sidebar_link\" class=\"bm-item menu-item\" href=\"#\" tabindex=\"-1\" style=\"display: block;\">Logout</a>`\n\nThis element `<a#logout_sidebar_link.bm-item.menu-item>` is not visible because its parent `<div.bm-menu-wrap>` has CSS property: `display: none`\n\nFix this problem, or use `{force: true}` to disable error checking.\n\nhttps://on.cypress.io/element-cannot-be-interacted-with\n    at runVisibilityCheck (https://www.saucedemo.com/__cypress/runner/cypress_runner.js:162670:85)\n    at $Cy.ensureStrictVisibility (https://www.saucedemo.com/__cypress/runner/cypress_runner.js:162686:14)\n    at runAllChecks (https://www.saucedemo.com/__cypress/runner/cypress_runner.js:149905:14)\n    at retryActionability (https://www.saucedemo.com/__cypress/runner/cypress_runner.js:149960:16)\n    at tryCatcher (https://www.saucedemo.com/__cypress/runner/cypress_runner.js:13212:23)\n    at Function.Promise.attempt.Promise.try (https://www.saucedemo.com/__cypress/runner/cypress_runner.js:10486:29)\n    at tryFn (https://www.saucedemo.com/__cypress/runner/cypress_runner.js:167495:61)\n    at whenStable (https://www.saucedemo.com/__cypress/runner/cypress_runner.js:167534:14)\n    at https://www.saucedemo.com/__cypress/runner/cypress_runner.js:167021:18\n    at tryCatcher (https://www.saucedemo.com/__cypress/runner/cypress_runner.js:13212:23)\n    at Promise._settlePromiseFromHandler (https://www.saucedemo.com/__cypress/runner/cypress_runner.js:11147:31)\n    at Promise._settlePromise (https://www.saucedemo.com/__cypress/runner/cypress_runner.js:11204:18)\n    at Promise._settlePromise0 (https://www.saucedemo.com/__cypress/runner/cypress_runner.js:11249:10)\n    at Promise._settlePromises (https://www.saucedemo.com/__cypress/runner/cypress_runner.js:11329:18)\n    at Promise._fulfill (https://www.saucedemo.com/__cypress/runner/cypress_runner.js:11273:18)\n    at https://www.saucedemo.com/__cypress/runner/cypress_runner.js:12887:46\nFrom Your Spec Code:\n    at Function.click (https://www.saucedemo.com/__cypress/tests?p=cypress/integration/4-workshop-day2/checkout.spec.js:147:22)\n    at Function.goToCart (https://www.saucedemo.com/__cypress/tests?p=cypress/integration/4-workshop-day2/checkout.spec.js:208:10)\n    at Context.eval (https://www.saucedemo.com/__cypress/tests?p=cypress/integration/4-workshop-day2/checkout.spec.js:115:34)",
                "diff": null
              },
              "uuid": "30d667d7-7bb5-448d-8985-519ad4bcfd88",
              "parentUUID": "a122e263-7aef-4d80-b276-98786afe6c24",
              "isHook": false,
              "skipped": false
            },
            {
              "title": "Removing items from the cart",
              "fullTitle": "Checkout test cases Removing items from the cart",
              "timedOut": null,
              "duration": 4775,
              "state": "failed",
              "speed": null,
              "pass": false,
              "fail": true,
              "pending": false,
              "context": "\"assets/screenshots/4-workshop-day2/checkout.spec.js/Checkout test cases -- Removing items from the cart (failed).png\"",
              "code": "_CheckoutPage.CheckoutPage.setupForCartCases(\"normal_user\", \"[4, 3, 2]\");\n_CheckoutPage.CheckoutPage.removeAddedItems();\n_CheckoutPage.CheckoutPage.verifyEmptyCart();",
              "err": {
                "message": "AssertionError: Timed out retrying after 4000ms: Expected to find element: `[data-test*=remove]`, but never found it.",
                "estack": "AssertionError: Timed out retrying after 4000ms: Expected to find element: `[data-test*=remove]`, but never found it.\n    at Function.removeAddedItems (https://www.saucedemo.com/__cypress/tests?p=cypress/integration/4-workshop-day2/checkout.spec.js:253:8)\n    at Context.eval (https://www.saucedemo.com/__cypress/tests?p=cypress/integration/4-workshop-day2/checkout.spec.js:122:32)",
                "diff": null
              },
              "uuid": "d23df2bd-ac86-417f-b043-71e4fec21c99",
              "parentUUID": "a122e263-7aef-4d80-b276-98786afe6c24",
              "isHook": false,
              "skipped": false
            }
          ],
          "suites": [],
          "passes": [],
          "failures": [
            "30d667d7-7bb5-448d-8985-519ad4bcfd88",
            "d23df2bd-ac86-417f-b043-71e4fec21c99"
          ],
          "pending": [],
          "skipped": [],
          "duration": 14701,
          "root": false,
          "rootEmpty": false,
          "_timeout": 2000
        }
      ],
      "passes": [],
      "failures": [],
      "pending": [],
      "skipped": [],
      "duration": 0,
      "root": true,
      "rootEmpty": true,
      "_timeout": 2000
    }
  ],
  "meta": {
    "mocha": {
      "version": "7.0.1"
    },
    "mochawesome": {
      "options": {
        "quiet": false,
        "reportFilename": "mochawesome",
        "saveHtml": false,
        "saveJson": true,
        "consoleReporter": "spec",
        "useInlineDiffs": false,
        "code": true
      },
      "version": "7.0.1"
    },
    "marge": {
      "options": {
        "reportDir": "cypress/results",
        "html": false,
        "json": true,
        "overwrite": true,
        "timestamp": "mmddyyyy-HHMMss"
      },
      "version": "6.0.1"
    }
  }
}